<?xml version="1.0" encoding="UTF-8"?>
<!-- Generated by org.testng.reporters.JUnitXMLReporter -->
<testsuite ignored="0" hostname="LAPTOP-O596PGHR" failures="0" tests="2" name="Error Validation Test" time="11.188" errors="0" timestamp="2025-07-18T08:33:33 IST">
  <testcase classname="academy.tests.ErrorValidationsTest" name="LoginErrorValidation" time="0.75"/>
  <testcase classname="academy.tests.ErrorValidationsTest" name="ProductErrorValidation" time="3.656"/>
</testsuite> <!-- Error Validation Test -->
