<?xml version="1.0" encoding="UTF-8"?>
<!-- Generated by org.testng.reporters.JUnitXMLReporter -->
<testsuite ignored="0" hostname="LAPTOP-O596PGHR" failures="0" tests="3" name="Submit Order Test" time="22.717" errors="0" timestamp="2025-07-18T08:33:22 IST">
  <testcase classname="academy.tests.SubmitOrderTest" name="submitOrder" time="5.143"/>
  <testcase classname="academy.tests.SubmitOrderTest" name="submitOrder" time="4.988"/>
  <testcase classname="academy.tests.SubmitOrderTest" name="OrderHistoryTest" time="1.493"/>
</testsuite> <!-- Submit Order Test -->
