<?xml version="1.0" encoding="UTF-8"?>
<testng-results ignored="0" total="5" passed="5" failed="0" skipped="0">
  <reporter-output>
  </reporter-output>
  <suite started-at="2025-07-18T08:31:22 IST" name="Suite" finished-at="2025-07-18T08:31:58 IST" duration-ms="36133">
    <groups>
      <group name="ErrorHandling">
        <method signature="ErrorValidationsTest.LoginErrorValidation()[pri:0, instance:academy.tests.ErrorValidationsTest@20bd8be5]" name="LoginErrorValidation" class="academy.tests.ErrorValidationsTest"/>
      </group> <!-- ErrorHandling -->
      <group name="Purchase">
        <method signature="SubmitOrderTest.submitOrder(java.util.HashMap)[pri:0, instance:academy.tests.SubmitOrderTest@57bc27f5]" name="submitOrder" class="academy.tests.SubmitOrderTest"/>
      </group> <!-- Purchase -->
    </groups>
    <test started-at="2025-07-18T08:31:22 IST" name="Submit Order Test" finished-at="2025-07-18T08:31:44 IST" duration-ms="22223">
      <class name="academy.tests.SubmitOrderTest">
        <test-method is-config="true" signature="launchApplication()[pri:0, instance:academy.tests.SubmitOrderTest@57bc27f5]" started-at="2025-07-18T08:31:22 IST" name="launchApplication" finished-at="2025-07-18T08:31:26 IST" duration-ms="3489" status="PASS">
          <reporter-output>
          </reporter-output>
        </test-method> <!-- launchApplication -->
        <test-method signature="submitOrder(java.util.HashMap)[pri:0, instance:academy.tests.SubmitOrderTest@57bc27f5]" started-at="2025-07-18T08:31:26 IST" name="submitOrder" data-provider="getData" finished-at="2025-07-18T08:31:31 IST" duration-ms="5061" status="PASS">
          <params>
            <param index="0">
              <value>
                <![CDATA[{password=Santoman@11, product=ZARA COAT 3, email=santoman@gmail.com}]]>
              </value>
            </param>
          </params>
          <reporter-output>
          </reporter-output>
        </test-method> <!-- submitOrder -->
        <test-method is-config="true" signature="tearDown()[pri:0, instance:academy.tests.SubmitOrderTest@57bc27f5]" started-at="2025-07-18T08:31:31 IST" name="tearDown" finished-at="2025-07-18T08:31:31 IST" duration-ms="317" status="PASS">
          <reporter-output>
          </reporter-output>
        </test-method> <!-- tearDown -->
        <test-method is-config="true" signature="launchApplication()[pri:0, instance:academy.tests.SubmitOrderTest@57bc27f5]" started-at="2025-07-18T08:31:31 IST" name="launchApplication" finished-at="2025-07-18T08:31:34 IST" duration-ms="3291" status="PASS">
          <reporter-output>
          </reporter-output>
        </test-method> <!-- launchApplication -->
        <test-method signature="submitOrder(java.util.HashMap)[pri:0, instance:academy.tests.SubmitOrderTest@57bc27f5]" started-at="2025-07-18T08:31:34 IST" name="submitOrder" data-provider="getData" finished-at="2025-07-18T08:31:39 IST" duration-ms="4975" status="PASS">
          <params>
            <param index="0">
              <value>
                <![CDATA[{password=Santoman@11, product=ADIDAS ORIGINAL, email=dharsh1109@gmail.com}]]>
              </value>
            </param>
          </params>
          <reporter-output>
          </reporter-output>
        </test-method> <!-- submitOrder -->
        <test-method is-config="true" signature="tearDown()[pri:0, instance:academy.tests.SubmitOrderTest@57bc27f5]" started-at="2025-07-18T08:31:39 IST" name="tearDown" finished-at="2025-07-18T08:31:39 IST" duration-ms="246" status="PASS">
          <reporter-output>
          </reporter-output>
        </test-method> <!-- tearDown -->
        <test-method is-config="true" signature="launchApplication()[pri:0, instance:academy.tests.SubmitOrderTest@57bc27f5]" started-at="2025-07-18T08:31:39 IST" name="launchApplication" finished-at="2025-07-18T08:31:42 IST" duration-ms="2934" status="PASS">
          <reporter-output>
          </reporter-output>
        </test-method> <!-- launchApplication -->
        <test-method signature="OrderHistoryTest()[pri:0, instance:academy.tests.SubmitOrderTest@57bc27f5]" started-at="2025-07-18T08:31:42 IST" name="OrderHistoryTest" finished-at="2025-07-18T08:31:44 IST" depends-on-methods="academy.tests.SubmitOrderTest.submitOrder" duration-ms="1331" status="PASS">
          <reporter-output>
          </reporter-output>
        </test-method> <!-- OrderHistoryTest -->
        <test-method is-config="true" signature="tearDown()[pri:0, instance:academy.tests.SubmitOrderTest@57bc27f5]" started-at="2025-07-18T08:31:44 IST" name="tearDown" finished-at="2025-07-18T08:31:44 IST" duration-ms="209" status="PASS">
          <reporter-output>
          </reporter-output>
        </test-method> <!-- tearDown -->
      </class> <!-- academy.tests.SubmitOrderTest -->
    </test> <!-- Submit Order Test -->
    <test started-at="2025-07-18T08:31:45 IST" name="Error Validation Test" finished-at="2025-07-18T08:31:58 IST" duration-ms="13303">
      <class name="academy.tests.ErrorValidationsTest">
        <test-method is-config="true" signature="launchApplication()[pri:0, instance:academy.tests.ErrorValidationsTest@20bd8be5]" started-at="2025-07-18T08:31:45 IST" name="launchApplication" finished-at="2025-07-18T08:31:48 IST" duration-ms="3450" status="PASS">
          <reporter-output>
          </reporter-output>
        </test-method> <!-- launchApplication -->
        <test-method signature="LoginErrorValidation()[pri:0, instance:academy.tests.ErrorValidationsTest@20bd8be5]" started-at="2025-07-18T08:31:48 IST" name="LoginErrorValidation" finished-at="2025-07-18T08:31:49 IST" duration-ms="734" status="PASS">
          <reporter-output>
          </reporter-output>
        </test-method> <!-- LoginErrorValidation -->
        <test-method is-config="true" signature="tearDown()[pri:0, instance:academy.tests.ErrorValidationsTest@20bd8be5]" started-at="2025-07-18T08:31:49 IST" name="tearDown" finished-at="2025-07-18T08:31:49 IST" duration-ms="254" status="PASS">
          <reporter-output>
          </reporter-output>
        </test-method> <!-- tearDown -->
        <test-method is-config="true" signature="launchApplication()[pri:0, instance:academy.tests.ErrorValidationsTest@20bd8be5]" started-at="2025-07-18T08:31:49 IST" name="launchApplication" finished-at="2025-07-18T08:31:53 IST" duration-ms="3586" status="PASS">
          <reporter-output>
          </reporter-output>
        </test-method> <!-- launchApplication -->
        <test-method signature="ProductErrorValidation()[pri:0, instance:academy.tests.ErrorValidationsTest@20bd8be5]" started-at="2025-07-18T08:31:53 IST" name="ProductErrorValidation" finished-at="2025-07-18T08:31:56 IST" duration-ms="3515" status="PASS">
          <reporter-output>
          </reporter-output>
        </test-method> <!-- ProductErrorValidation -->
        <test-method is-config="true" signature="tearDown()[pri:0, instance:academy.tests.ErrorValidationsTest@20bd8be5]" started-at="2025-07-18T08:31:56 IST" name="tearDown" finished-at="2025-07-18T08:31:58 IST" duration-ms="1754" status="PASS">
          <reporter-output>
          </reporter-output>
        </test-method> <!-- tearDown -->
      </class> <!-- academy.tests.ErrorValidationsTest -->
    </test> <!-- Error Validation Test -->
  </suite> <!-- Suite -->
</testng-results>
